SlidingTabLayout/build/outputs/logs/manifest-merger-debug-report.txt
-- Merging decision tree log ---
manifest
ADDED from leishiHD/SlidingTabLayout/AndroidManifest.xml:1:1-5:12
INJECTED from leishiHD/SlidingTabLayout/AndroidManifest.xml:1:1-5:12
INJECTED from leishiHD/SlidingTabLayout/AndroidManifest.xml:1:1-5:12
	package
		ADDED from leishiHD/SlidingTabLayout/AndroidManifest.xml:2:5-47
		INJECTED from leishiHD/SlidingTabLayout/AndroidManifest.xml
		INJECTED from leishiHD/SlidingTabLayout/AndroidManifest.xml
	xmlns:android
		ADDED from leishiHD/SlidingTabLayout/AndroidManifest.xml:1:11-69
application
ADDED from leishiHD/SlidingTabLayout/AndroidManifest.xml:4:5-20
uses-sdk
INJECTED from leishiHD/SlidingTabLayout/AndroidManifest.xml reason: use-sdk injection requested
INJECTED from leishiHD/SlidingTabLayout/AndroidManifest.xml
INJECTED from leishiHD/SlidingTabLayout/AndroidManifest.xml
INJECTED from leishiHD/SlidingTabLayout/AndroidManifest.xml
INJECTED from leishiHD/SlidingTabLayout/AndroidManifest.xml
	android:targetSdkVersion
		INJECTED from leishiHD/SlidingTabLayout/AndroidManifest.xml
		ADDED from leishiHD/SlidingTabLayout/AndroidManifest.xml
		INJECTED from leishiHD/SlidingTabLayout/AndroidManifest.xml
	android:minSdkVersion
		INJECTED from leishiHD/SlidingTabLayout/AndroidManifest.xml
		ADDED from leishiHD/SlidingTabLayout/AndroidManifest.xml
		INJECTED from leishiHD/SlidingTabLayout/AndroidManifest.xml